Using pre-set license
Built from '2021.3/staging' branch; Version is '2021.3.25f1 (68ef2c4f8861) revision 6876972'; Using compiler version '192829333'; Build Type 'Release'
OS: 'Windows 10  (10.0.19045) 64bit Professional' Language: 'pt' Physical Memory: 32633 MB
BatchMode: 1, IsHumanControllingUs: 0, StartBugReporterOnCrash: 0, Is64bit: 1, IsPro: 1

COMMAND LINE ARGUMENTS:
D:\Program Files\Unity Hub\2021.3.25f1\Editor\Unity.exe
-adb2
-batchMode
-noUpm
-name
AssetImportWorker1
-projectPath
C:/Users/tresa/OneDrive/Documents/5 - Projetos pvd/desenv_jogos/Dinoland
-logFile
Logs/AssetImportWorker1.log
-srvPort
55071
Successfully changed project path to: C:/Users/tresa/OneDrive/Documents/5 - Projetos pvd/desenv_jogos/Dinoland
C:/Users/tresa/OneDrive/Documents/5 - Projetos pvd/desenv_jogos/Dinoland
[UnityMemory] Configuration Parameters - Can be set up in boot.config
    "memorysetup-bucket-allocator-granularity=16"
    "memorysetup-bucket-allocator-bucket-count=8"
    "memorysetup-bucket-allocator-block-size=33554432"
    "memorysetup-bucket-allocator-block-count=8"
    "memorysetup-main-allocator-block-size=16777216"
    "memorysetup-thread-allocator-block-size=16777216"
    "memorysetup-gfx-main-allocator-block-size=16777216"
    "memorysetup-gfx-thread-allocator-block-size=16777216"
    "memorysetup-cache-allocator-block-size=4194304"
    "memorysetup-typetree-allocator-block-size=2097152"
    "memorysetup-profiler-bucket-allocator-granularity=16"
    "memorysetup-profiler-bucket-allocator-bucket-count=8"
    "memorysetup-profiler-bucket-allocator-block-size=33554432"
    "memorysetup-profiler-bucket-allocator-block-count=8"
    "memorysetup-profiler-allocator-block-size=16777216"
    "memorysetup-profiler-editor-allocator-block-size=1048576"
    "memorysetup-temp-allocator-size-main=16777216"
    "memorysetup-job-temp-allocator-block-size=2097152"
    "memorysetup-job-temp-allocator-block-size-background=1048576"
    "memorysetup-job-temp-allocator-reduction-small-platforms=262144"
    "memorysetup-temp-allocator-size-background-worker=32768"
    "memorysetup-temp-allocator-size-job-worker=262144"
    "memorysetup-temp-allocator-size-preload-manager=33554432"
    "memorysetup-temp-allocator-size-nav-mesh-worker=65536"
    "memorysetup-temp-allocator-size-audio-worker=65536"
    "memorysetup-temp-allocator-size-cloud-worker=32768"
    "memorysetup-temp-allocator-size-gi-baking-worker=262144"
    "memorysetup-temp-allocator-size-gfx=262144"
Player connection [12640] Host "[IP] 192.168.72.1 [Port] 0 [Flags] 2 [Guid] 3273326870 [EditorId] 3273326870 [Version] 1048832 [Id] WindowsEditor(7,DESKTOP-L64UTDD) [Debug] 1 [PackageName] WindowsEditor [ProjectName] Editor" joined multi-casting on [225.0.0.222:54997]...

Player connection [12640] Host "[IP] 192.168.72.1 [Port] 0 [Flags] 2 [Guid] 3273326870 [EditorId] 3273326870 [Version] 1048832 [Id] WindowsEditor(7,DESKTOP-L64UTDD) [Debug] 1 [PackageName] WindowsEditor [ProjectName] Editor" joined alternative multi-casting on [225.0.0.222:34997]...

Refreshing native plugins compatible for Editor in 115.24 ms, found 4 plugins.
Preloading 0 native plugins for Editor in 0.00 ms.
Initialize engine version: 2021.3.25f1 (68ef2c4f8861)
[Subsystems] Discovering subsystems at path D:/Program Files/Unity Hub/2021.3.25f1/Editor/Data/Resources/UnitySubsystems
[Subsystems] Discovering subsystems at path C:/Users/tresa/OneDrive/Documents/5 - Projetos pvd/desenv_jogos/Dinoland/Assets
GfxDevice: creating device client; threaded=0; jobified=0
Direct3D:
    Version:  Direct3D 11.0 [level 11.1]
    Renderer: NVIDIA GeForce GTX 1050 Ti (ID=0x1c8c)
    Vendor:   NVIDIA
    VRAM:     4018 MB
    Driver:   30.0.15.1169
Initialize mono
Mono path[0] = 'D:/Program Files/Unity Hub/2021.3.25f1/Editor/Data/Managed'
Mono path[1] = 'D:/Program Files/Unity Hub/2021.3.25f1/Editor/Data/MonoBleedingEdge/lib/mono/unityjit-win32'
Mono config path = 'D:/Program Files/Unity Hub/2021.3.25f1/Editor/Data/MonoBleedingEdge/etc'
Using monoOptions --debugger-agent=transport=dt_socket,embedding=1,server=y,suspend=n,address=127.0.0.1:56108
Begin MonoManager ReloadAssembly
Registering precompiled unity dll's ...
Register platform support module: D:/Program Files/Unity Hub/2021.3.25f1/Editor/Data/PlaybackEngines/WindowsStandaloneSupport/UnityEditor.WindowsStandalone.Extensions.dll
Registered in 0.005838 seconds.
Native extension for WindowsStandalone target not found
Refreshing native plugins compatible for Editor in 114.91 ms, found 4 plugins.
Preloading 0 native plugins for Editor in 0.00 ms.
Mono: successfully reloaded assembly
- Completed reload, in  0.872 seconds
Domain Reload Profiling:
	ReloadAssembly (873ms)
		BeginReloadAssembly (105ms)
			ExecutionOrderSort (0ms)
			DisableScriptedObjects (0ms)
			BackupInstance (0ms)
			ReleaseScriptingObjects (0ms)
			CreateAndSetChildDomain (1ms)
		EndReloadAssembly (633ms)
			LoadAssemblies (104ms)
			RebuildTransferFunctionScriptingTraits (0ms)
			SetupTypeCache (152ms)
			ReleaseScriptCaches (0ms)
			RebuildScriptCaches (44ms)
			SetupLoadedEditorAssemblies (366ms)
				LogAssemblyErrors (0ms)
				InitializePlatformSupportModulesInManaged (13ms)
				SetLoadedEditorAssemblies (0ms)
				RefreshPlugins (115ms)
				BeforeProcessingInitializeOnLoad (2ms)
				ProcessInitializeOnLoadAttributes (171ms)
				ProcessInitializeOnLoadMethodAttributes (66ms)
				AfterProcessingInitializeOnLoad (0ms)
				EditorAssembliesLoaded (0ms)
			ExecutionOrderSort2 (0ms)
			AwakeInstancesAfterBackupRestoration (0ms)
Platform modules already initialized, skipping
Registering precompiled user dll's ...
Registered in 0.011703 seconds.
Begin MonoManager ReloadAssembly
Symbol file LoadedFromMemory doesn't match image C:\Users\tresa\OneDrive\Documents\5 - Projetos pvd\desenv_jogos\Dinoland\Library\PackageCache\com.unity.visualscripting@1.8.0\Editor\VisualScripting.Core\Dependencies\YamlDotNet\Unity.VisualScripting.YamlDotNet.dll
Symbol file LoadedFromMemory doesn't match image C:\Users\tresa\OneDrive\Documents\5 - Projetos pvd\desenv_jogos\Dinoland\Library\PackageCache\com.unity.visualscripting@1.8.0\Editor\VisualScripting.Core\Dependencies\DotNetZip\Unity.VisualScripting.IonicZip.dll
Native extension for WindowsStandalone target not found
Refreshing native plugins compatible for Editor in 113.03 ms, found 4 plugins.
Preloading 0 native plugins for Editor in 0.00 ms.
Mono: successfully reloaded assembly
- Completed reload, in  1.422 seconds
Domain Reload Profiling:
	ReloadAssembly (1423ms)
		BeginReloadAssembly (146ms)
			ExecutionOrderSort (0ms)
			DisableScriptedObjects (7ms)
			BackupInstance (0ms)
			ReleaseScriptingObjects (0ms)
			CreateAndSetChildDomain (24ms)
		EndReloadAssembly (1131ms)
			LoadAssemblies (116ms)
			RebuildTransferFunctionScriptingTraits (0ms)
			SetupTypeCache (304ms)
			ReleaseScriptCaches (1ms)
			RebuildScriptCaches (72ms)
			SetupLoadedEditorAssemblies (586ms)
				LogAssemblyErrors (0ms)
				InitializePlatformSupportModulesInManaged (4ms)
				SetLoadedEditorAssemblies (0ms)
				RefreshPlugins (113ms)
				BeforeProcessingInitializeOnLoad (127ms)
				ProcessInitializeOnLoadAttributes (289ms)
				ProcessInitializeOnLoadMethodAttributes (48ms)
				AfterProcessingInitializeOnLoad (4ms)
				EditorAssembliesLoaded (0ms)
			ExecutionOrderSort2 (0ms)
			AwakeInstancesAfterBackupRestoration (10ms)
Platform modules already initialized, skipping
========================================================================
Worker process is ready to serve import requests
Launched and connected shader compiler UnityShaderCompiler.exe after 0.06 seconds
Refreshing native plugins compatible for Editor in 0.75 ms, found 4 plugins.
Preloading 0 native plugins for Editor in 0.00 ms.
Unloading 3733 Unused Serialized files (Serialized files now loaded: 0)
Unloading 35 unused Assets / (56.5 KB). Loaded Objects now: 4192.
Memory consumption went from 142.6 MB to 142.5 MB.
Total: 3.966500 ms (FindLiveObjects: 0.307200 ms CreateObjectMapping: 0.232300 ms MarkObjects: 3.242900 ms  DeleteObjects: 0.183000 ms)

AssetImportParameters requested are different than current active one (requested -> active):
  custom:video-decoder-ogg-theora: a1e56fd34408186e4bbccfd4996cb3dc -> 
  custom:container-muxer-webm: aa71ff27fc2769a1b78a27578f13a17b -> 
  custom:container-demuxer-webm: 4f35f7cbe854078d1ac9338744f61a02 -> 
  custom:video-encoder-webm-vp8: eb34c28f22e8b96e1ab97ce403110664 -> 
  custom:audio-encoder-webm-vorbis: bf7c407c2cedff20999df2af8eb42d56 -> 
  custom:framework-win-MediaFoundation: 216162199b28c13a410421893ffa2e32 -> 
  custom:container-demuxer-ogg: 62fdf1f143b41e24485cea50d1cbac27 -> 
  custom:video-decoder-webm-vp8: 9c59270c3fd7afecdb556c50c9e8de78 -> 
  custom:audio-decoder-ogg-vorbis: bf7c407c2cedff20999df2af8eb42d56 -> 
========================================================================
Received Import Request.
  Time since last request: 450862.004057 seconds.
  path: Assets/Scenes/FirstPhase/Object/Bush (2).png
  artifactKey: Guid(0c425b7d9da346b4c85b75438cbf790d) Importer(815301076,1909f56bfc062723c751e8b465ee728b)
Start importing Assets/Scenes/FirstPhase/Object/Bush (2).png using Guid(0c425b7d9da346b4c85b75438cbf790d) Importer(815301076,1909f56bfc062723c751e8b465ee728b)  -> (artifact id: '81ac75fc61b4f695ba76fb6c40cae2ae') in 0.215722 seconds 
========================================================================
Received Import Request.
  Time since last request: 0.000049 seconds.
  path: Assets/Scenes/FirstPhase/Object/Tree_1.png
  artifactKey: Guid(62de70dd3a879694ca5ec63bf325ef94) Importer(815301076,1909f56bfc062723c751e8b465ee728b)
Start importing Assets/Scenes/FirstPhase/Object/Tree_1.png using Guid(62de70dd3a879694ca5ec63bf325ef94) Importer(815301076,1909f56bfc062723c751e8b465ee728b)  -> (artifact id: 'a52a156ccf9a0264954dcc652b3a2329') in 0.031223 seconds 
========================================================================
Received Import Request.
  Time since last request: 0.000046 seconds.
  path: Assets/Scenes/FirstPhase/Object/Bush (3).png
  artifactKey: Guid(31e8bcc7b05221e49a3d811f407765c6) Importer(815301076,1909f56bfc062723c751e8b465ee728b)
Start importing Assets/Scenes/FirstPhase/Object/Bush (3).png using Guid(31e8bcc7b05221e49a3d811f407765c6) Importer(815301076,1909f56bfc062723c751e8b465ee728b)  -> (artifact id: 'c703eacd45f65ab1bb0959118bb0b929') in 0.032272 seconds 
========================================================================
Received Import Request.
  Time since last request: 0.000030 seconds.
  path: Assets/Scenes/FirstPhase/Object/Stone.png
  artifactKey: Guid(c1ac725a95f90af4582cc8cf921034f6) Importer(815301076,1909f56bfc062723c751e8b465ee728b)
Start importing Assets/Scenes/FirstPhase/Object/Stone.png using Guid(c1ac725a95f90af4582cc8cf921034f6) Importer(815301076,1909f56bfc062723c751e8b465ee728b)  -> (artifact id: '710ba3c9b20d7307f75e6ce2c9262b55') in 0.028102 seconds 
========================================================================
Received Import Request.
  Time since last request: 0.000035 seconds.
  path: Assets/Scenes/FirstPhase/Object/Mushroom_1.png
  artifactKey: Guid(53b29f4bccd65484984224340a9f033a) Importer(815301076,1909f56bfc062723c751e8b465ee728b)
Start importing Assets/Scenes/FirstPhase/Object/Mushroom_1.png using Guid(53b29f4bccd65484984224340a9f033a) Importer(815301076,1909f56bfc062723c751e8b465ee728b)  -> (artifact id: '93a6411e5f33aa86ba848889f8c0c6b1') in 0.025990 seconds 
========================================================================
Received Import Request.
  Time since last request: 0.000029 seconds.
  path: Assets/Scenes/FirstPhase/Object/Bush (4).png
  artifactKey: Guid(d263b270b2bfa204f8d3ea50a3559061) Importer(815301076,1909f56bfc062723c751e8b465ee728b)
Start importing Assets/Scenes/FirstPhase/Object/Bush (4).png using Guid(d263b270b2bfa204f8d3ea50a3559061) Importer(815301076,1909f56bfc062723c751e8b465ee728b)  -> (artifact id: 'e43cba0ad2e8c76a3a942d4fb2ad4c58') in 0.027650 seconds 
========================================================================
Received Import Request.
  Time since last request: 57.453037 seconds.
  path: Assets/Scenes/FirstPhase/Ground/3.png
  artifactKey: Guid(40f47804ee73e2c4e88f6de2e04271c3) Importer(815301076,1909f56bfc062723c751e8b465ee728b)
Start importing Assets/Scenes/FirstPhase/Ground/3.png using Guid(40f47804ee73e2c4e88f6de2e04271c3) Importer(815301076,1909f56bfc062723c751e8b465ee728b)  -> (artifact id: 'b38e7c15bb3f68c5e5430afa6babf08c') in 0.036646 seconds 
========================================================================
Received Import Request.
  Time since last request: 0.000036 seconds.
  path: Assets/Scenes/FirstPhase/Ground/7.png
  artifactKey: Guid(166aa5524ca01674bae283f20de16107) Importer(815301076,1909f56bfc062723c751e8b465ee728b)
Start importing Assets/Scenes/FirstPhase/Ground/7.png using Guid(166aa5524ca01674bae283f20de16107) Importer(815301076,1909f56bfc062723c751e8b465ee728b)  -> (artifact id: 'f823f421972a5f03142fc8fec9483683') in 0.046653 seconds 
========================================================================
Received Import Request.
  Time since last request: 0.000032 seconds.
  path: Assets/Scenes/FirstPhase/Ground/14.png
  artifactKey: Guid(6213e6a7d0839b0459d349a06e551986) Importer(815301076,1909f56bfc062723c751e8b465ee728b)
Start importing Assets/Scenes/FirstPhase/Ground/14.png using Guid(6213e6a7d0839b0459d349a06e551986) Importer(815301076,1909f56bfc062723c751e8b465ee728b)  -> (artifact id: '98a7b6ca5bf41bda698e8fefa3a784ea') in 0.032003 seconds 
========================================================================
Received Import Request.
  Time since last request: 0.000050 seconds.
  path: Assets/Scenes/FirstPhase/Ground/15.png
  artifactKey: Guid(bbac421a1f21b0f45bf0d730fa7e05bd) Importer(815301076,1909f56bfc062723c751e8b465ee728b)
Start importing Assets/Scenes/FirstPhase/Ground/15.png using Guid(bbac421a1f21b0f45bf0d730fa7e05bd) Importer(815301076,1909f56bfc062723c751e8b465ee728b)  -> (artifact id: '634c9c7ca701c4915ca0a29a627e0e67') in 0.029375 seconds 
========================================================================
Received Import Request.
  Time since last request: 0.000046 seconds.
  path: Assets/Scenes/FirstPhase/Ground/6.png
  artifactKey: Guid(0d8799d5e775c0646bb1b180a88c03c2) Importer(815301076,1909f56bfc062723c751e8b465ee728b)
Start importing Assets/Scenes/FirstPhase/Ground/6.png using Guid(0d8799d5e775c0646bb1b180a88c03c2) Importer(815301076,1909f56bfc062723c751e8b465ee728b)  -> (artifact id: '5426f690d150f1404f6b6ece2470691b') in 0.032502 seconds 
========================================================================
Received Import Request.
  Time since last request: 0.000049 seconds.
  path: Assets/Scenes/FirstPhase/Ground/18.png
  artifactKey: Guid(a26cbed712a4280438de8b4c1da14518) Importer(815301076,1909f56bfc062723c751e8b465ee728b)
Start importing Assets/Scenes/FirstPhase/Ground/18.png using Guid(a26cbed712a4280438de8b4c1da14518) Importer(815301076,1909f56bfc062723c751e8b465ee728b)  -> (artifact id: '27edf905fb47f28d97b0b65469f36d8b') in 0.024179 seconds 
========================================================================
Received Import Request.
  Time since last request: 0.000039 seconds.
  path: Assets/Scenes/FirstPhase/Ground/11.png
  artifactKey: Guid(9caa0d957cf57644c940e8c7ce21d383) Importer(815301076,1909f56bfc062723c751e8b465ee728b)
Start importing Assets/Scenes/FirstPhase/Ground/11.png using Guid(9caa0d957cf57644c940e8c7ce21d383) Importer(815301076,1909f56bfc062723c751e8b465ee728b)  -> (artifact id: '868d55f29bab2ed92b2f2b91ea3450fe') in 0.030667 seconds 
Editor requested this worker to shutdown with reason: Scaling down because of idle timeout
AssetImportWorker is now disconnected from the server
Process exiting
Exiting without the bug reporter. Application will terminate with return code 0